<?xml version="1.0" encoding="UTF-8"?>
<testng-results skipped="0" failed="1" ignored="0" total="3" passed="2">
  <reporter-output>
  </reporter-output>
  <suite name="Suite" duration-ms="40699" started-at="2018-07-25T06:47:04Z" finished-at="2018-07-25T06:47:45Z">
    <groups>
    </groups>
    <test name="Test" duration-ms="1475" started-at="2018-07-25T06:47:04Z" finished-at="2018-07-25T06:47:05Z">
      <class name="com.Utilities.LoginTest">
        <test-method status="PASS" signature="logInvalid()[pri:0, instance:com.Utilities.LoginTest@9a7504c]" name="logInvalid" duration-ms="64" started-at="2018-07-25T06:47:05Z" finished-at="2018-07-25T06:47:05Z">
          <reporter-output>
          </reporter-output>
        </test-method> <!-- logInvalid -->
        <test-method status="FAIL" signature="loginInvalid()[pri:0, instance:com.Utilities.LoginTest@9a7504c]" name="loginInvalid" duration-ms="8" started-at="2018-07-25T06:47:05Z" finished-at="2018-07-25T06:47:05Z">
          <exception class="java.lang.AssertionError">
            <message>
              <![CDATA[expected [Tested] but found [Tested123]]]>
            </message>
            <full-stacktrace>
              <![CDATA[java.lang.AssertionError: expected [Tested] but found [Tested123]
at org.testng.Assert.fail(Assert.java:96)
at org.testng.Assert.failNotEquals(Assert.java:776)
at org.testng.Assert.assertEqualsImpl(Assert.java:137)
at org.testng.Assert.assertEquals(Assert.java:118)
at org.testng.Assert.assertEquals(Assert.java:453)
at org.testng.Assert.assertEquals(Assert.java:463)
at com.Utilities.LoginTest.loginInvalid(LoginTest.java:19)
at sun.reflect.NativeMethodAccessorImpl.invoke0(Native Method)
at sun.reflect.NativeMethodAccessorImpl.invoke(Unknown Source)
at sun.reflect.DelegatingMethodAccessorImpl.invoke(Unknown Source)
at java.lang.reflect.Method.invoke(Unknown Source)
at org.testng.internal.MethodInvocationHelper.invokeMethod(MethodInvocationHelper.java:124)
at org.testng.internal.Invoker.invokeMethod(Invoker.java:583)
at org.testng.internal.Invoker.invokeTestMethod(Invoker.java:719)
at org.testng.internal.Invoker.invokeTestMethods(Invoker.java:989)
at org.testng.internal.TestMethodWorker.invokeTestMethods(TestMethodWorker.java:125)
at org.testng.internal.TestMethodWorker.run(TestMethodWorker.java:109)
at org.testng.TestRunner.privateRun(TestRunner.java:648)
at org.testng.TestRunner.run(TestRunner.java:505)
at org.testng.SuiteRunner.runTest(SuiteRunner.java:455)
at org.testng.SuiteRunner.runSequentially(SuiteRunner.java:450)
at org.testng.SuiteRunner.privateRun(SuiteRunner.java:415)
at org.testng.SuiteRunner.run(SuiteRunner.java:364)
at org.testng.SuiteRunnerWorker.runSuite(SuiteRunnerWorker.java:52)
at org.testng.SuiteRunnerWorker.run(SuiteRunnerWorker.java:84)
at org.testng.TestNG.runSuitesSequentially(TestNG.java:1208)
at org.testng.TestNG.runSuitesLocally(TestNG.java:1137)
at org.testng.TestNG.runSuites(TestNG.java:1049)
at org.testng.TestNG.run(TestNG.java:1017)
at org.testng.remote.AbstractRemoteTestNG.run(AbstractRemoteTestNG.java:114)
at org.testng.remote.RemoteTestNG.initAndRun(RemoteTestNG.java:251)
at org.testng.remote.RemoteTestNG.main(RemoteTestNG.java:77)
]]>
            </full-stacktrace>
          </exception> <!-- java.lang.AssertionError -->
          <reporter-output>
          </reporter-output>
        </test-method> <!-- loginInvalid -->
      </class> <!-- com.Utilities.LoginTest -->
    </test> <!-- Test -->
    <test name="Test1" duration-ms="38171" started-at="2018-07-25T06:47:06Z" finished-at="2018-07-25T06:47:45Z">
      <class name="com.test.Registration_TestTest">
        <test-method status="PASS" signature="beforeTest()[pri:0, instance:com.test.Registration_TestTest@462d5aee]" name="beforeTest" is-config="true" duration-ms="26769" started-at="2018-07-25T06:47:07Z" finished-at="2018-07-25T06:47:33Z">
          <reporter-output>
          </reporter-output>
        </test-method> <!-- beforeTest -->
        <test-method status="PASS" signature="testregistration()[pri:0, instance:com.test.Registration_TestTest@462d5aee]" name="testregistration" duration-ms="11234" started-at="2018-07-25T06:47:33Z" finished-at="2018-07-25T06:47:45Z">
          <reporter-output>
          </reporter-output>
        </test-method> <!-- testregistration -->
      </class> <!-- com.test.Registration_TestTest -->
    </test> <!-- Test1 -->
  </suite> <!-- Suite -->
</testng-results>
