<?xml version="1.0" encoding="UTF-8"?>
<!-- Generated by org.testng.reporters.JUnitXMLReporter -->
<testsuite hostname="P4A-508SCNT" ignored="0" name="Test" tests="3" failures="1" timestamp="30 Jul 2018 06:39:16 GMT" time="36.628" errors="0">
  <testcase name="logInvalid" time="0.03" classname="com.Utilities.LoginTest"/>
  <testcase name="loginInvalid" time="0.005" classname="com.Utilities.LoginTest">
    <failure type="java.lang.AssertionError" message="expected [Tested] but found [Tested123]">
      <![CDATA[java.lang.AssertionError: expected [Tested] but found [Tested123]
at com.Utilities.LoginTest.loginInvalid(LoginTest.java:19)
... Removed 31 stack frames]]>
    </failure>
  </testcase> <!-- loginInvalid -->
  <testcase name="testregistration" time="8.237" classname="com.test.Registration_TestTest"/>
</testsuite> <!-- Test -->
